<?xml version="1.0" encoding="UTF-8"?>
<!-- Generated by org.testng.reporters.JUnitReportReporter -->
<testsuite name="com.test.hybrid.Orange.TestCase1" tests="1" time="0.015" ignored="0" failures="0" timestamp="27 Mar 2018 13:33:52 GMT" skipped="0" hostname="DIN86000837" errors="0">
  <testcase name="AppPHPTravelLogin" time="0.015" classname="com.test.hybrid.Orange.TestCase1"/>
</testsuite> <!-- com.test.hybrid.Orange.TestCase1 -->
