<?xml version="1.0" encoding="UTF-8"?>
<!-- Generated by org.testng.reporters.JUnitReportReporter -->
<testsuite name="testCases.ChallengingDOM" tests="1" time="56.359" ignored="0" failures="0" timestamp="02 Apr 2018 13:19:34 GMT" skipped="0" hostname="DIN86000837" errors="0">
  <testcase name="Challenging_DOM" time="56.359" classname="testCases.ChallengingDOM"/>
</testsuite> <!-- testCases.ChallengingDOM -->
